c:\users\dome-\desktop\c-wise21-22\c++ wise20-21\praktikum 07.01 webseite\debug\vc142.pdb
c:\users\dome-\desktop\c-wise21-22\c++ wise20-21\praktikum 07.01 webseite\debug\vc142.idb
c:\users\dome-\desktop\c-wise21-22\c++ wise20-21\praktikum 07.01 webseite\debug\quelle.obj
c:\users\dome-\desktop\c-wise21-22\c++ wise20-21\praktikum 07.01 webseite\debug\person.obj
c:\users\dome-\desktop\c-wise21-22\c++ wise20-21\praktikum 07.01 webseite\debug\texte.obj
c:\users\dome-\desktop\c-wise21-22\c++ wise20-21\debug\praktikum 07.01 webseite.pdb
c:\users\dome-\desktop\c-wise21-22\c++ wise20-21\praktikum 07.01 webseite\debug\praktiku.d59c37dd.tlog\cl.command.1.tlog
c:\users\dome-\desktop\c-wise21-22\c++ wise20-21\praktikum 07.01 webseite\debug\praktiku.d59c37dd.tlog\cl.read.1.tlog
c:\users\dome-\desktop\c-wise21-22\c++ wise20-21\praktikum 07.01 webseite\debug\praktiku.d59c37dd.tlog\cl.write.1.tlog
c:\users\dome-\desktop\c-wise21-22\c++ wise20-21\praktikum 07.01 webseite\debug\praktiku.d59c37dd.tlog\link-cvtres.read.1.tlog
c:\users\dome-\desktop\c-wise21-22\c++ wise20-21\praktikum 07.01 webseite\debug\praktiku.d59c37dd.tlog\link-cvtres.write.1.tlog
c:\users\dome-\desktop\c-wise21-22\c++ wise20-21\praktikum 07.01 webseite\debug\praktiku.d59c37dd.tlog\link-rc.read.1.tlog
c:\users\dome-\desktop\c-wise21-22\c++ wise20-21\praktikum 07.01 webseite\debug\praktiku.d59c37dd.tlog\link-rc.write.1.tlog
c:\users\dome-\desktop\c-wise21-22\c++ wise20-21\praktikum 07.01 webseite\debug\praktiku.d59c37dd.tlog\link.4832-cvtres.read.1.tlog
c:\users\dome-\desktop\c-wise21-22\c++ wise20-21\praktikum 07.01 webseite\debug\praktiku.d59c37dd.tlog\link.4832-cvtres.write.1.tlog
c:\users\dome-\desktop\c-wise21-22\c++ wise20-21\praktikum 07.01 webseite\debug\praktiku.d59c37dd.tlog\link.4832-rc.read.1.tlog
c:\users\dome-\desktop\c-wise21-22\c++ wise20-21\praktikum 07.01 webseite\debug\praktiku.d59c37dd.tlog\link.4832-rc.write.1.tlog
c:\users\dome-\desktop\c-wise21-22\c++ wise20-21\praktikum 07.01 webseite\debug\praktiku.d59c37dd.tlog\link.4832.read.1.tlog
c:\users\dome-\desktop\c-wise21-22\c++ wise20-21\praktikum 07.01 webseite\debug\praktiku.d59c37dd.tlog\link.4832.write.1.tlog
c:\users\dome-\desktop\c-wise21-22\c++ wise20-21\praktikum 07.01 webseite\debug\praktiku.d59c37dd.tlog\link.command.1.tlog
c:\users\dome-\desktop\c-wise21-22\c++ wise20-21\praktikum 07.01 webseite\debug\praktiku.d59c37dd.tlog\link.read.1.tlog
c:\users\dome-\desktop\c-wise21-22\c++ wise20-21\praktikum 07.01 webseite\debug\praktiku.d59c37dd.tlog\link.write.1.tlog
